2025-06-26 00:17:54,358 - httpcore.connection - DEBUG - connect_tcp.started host='127.0.0.1' port=8000 local_address=None timeout=30.0 socket_options=None
2025-06-26 00:17:56,401 - httpcore.connection - DEBUG - connect_tcp.failed exception=ConnectError(OSError('All connection attempts failed'))
2025-06-26 00:17:56,403 - ultibot_ui.services.api_client - WARNING - Error de red para GET http://127.0.0.1:8000/api/v1/market/ohlcv: All connection attempts failed. Re-lanzando para posible reintento.
2025-06-26 00:17:56,403 - ultibot_ui.widgets.chart_widget - ERROR - Error al cargar datos del gráfico: RetryError[<Future at 0x232ae69a3d0 state=finished raised ConnectError>]
Traceback (most recent call last):
  File "C:\Users\zamor\UltiBotInversiones\.venv\Lib\site-packages\httpx\_transports\default.py", line 72, in map_httpcore_exceptions
    yield
  File "C:\Users\zamor\UltiBotInversiones\.venv\Lib\site-packages\httpx\_transports\default.py", line 377, in handle_async_request
    resp = await self._pool.handle_async_request(req)
           ^^^^^^^^^^^^^^^^^^^^^^^^^^^^^^^^^^^^^^^^^^
  File "C:\Users\zamor\UltiBotInversiones\.venv\Lib\site-packages\httpcore\_async\connection_pool.py", line 256, in handle_async_request
    raise exc from None
  File "C:\Users\zamor\UltiBotInversiones\.venv\Lib\site-packages\httpcore\_async\connection_pool.py", line 236, in handle_async_request
    response = await connection.handle_async_request(
               ^^^^^^^^^^^^^^^^^^^^^^^^^^^^^^^^^^^^^^
  File "C:\Users\zamor\UltiBotInversiones\.venv\Lib\site-packages\httpcore\_async\connection.py", line 101, in handle_async_request
    raise exc
  File "C:\Users\zamor\UltiBotInversiones\.venv\Lib\site-packages\httpcore\_async\connection.py", line 78, in handle_async_request
    stream = await self._connect(request)
             ^^^^^^^^^^^^^^^^^^^^^^^^^^^^
  File "C:\Users\zamor\UltiBotInversiones\.venv\Lib\site-packages\httpcore\_async\connection.py", line 124, in _connect
    stream = await self._network_backend.connect_tcp(**kwargs)
             ^^^^^^^^^^^^^^^^^^^^^^^^^^^^^^^^^^^^^^^^^^^^^^^^^
  File "C:\Users\zamor\UltiBotInversiones\.venv\Lib\site-packages\httpcore\_backends\auto.py", line 31, in connect_tcp
    return await self._backend.connect_tcp(
           ^^^^^^^^^^^^^^^^^^^^^^^^^^^^^^^^
  File "C:\Users\zamor\UltiBotInversiones\.venv\Lib\site-packages\httpcore\_backends\anyio.py", line 113, in connect_tcp
    with map_exceptions(exc_map):
  File "C:\Program Files\Python311\Lib\contextlib.py", line 158, in __exit__
    self.gen.throw(typ, value, traceback)
  File "C:\Users\zamor\UltiBotInversiones\.venv\Lib\site-packages\httpcore\_exceptions.py", line 14, in map_exceptions
    raise to_exc(exc) from exc
httpcore.ConnectError: All connection attempts failed

The above exception was the direct cause of the following exception:

Traceback (most recent call last):
  File "C:\Users\zamor\UltiBotInversiones\.venv\Lib\site-packages\tenacity\asyncio\__init__.py", line 114, in __call__
    result = await fn(*args, **kwargs)
             ^^^^^^^^^^^^^^^^^^^^^^^^^
  File "C:\Users\zamor\UltiBotInversiones\src\ultibot_ui\services\api_client.py", line 104, in _make_request
    response = await self._client.request(method, endpoint, **kwargs)
               ^^^^^^^^^^^^^^^^^^^^^^^^^^^^^^^^^^^^^^^^^^^^^^^^^^^^^^
  File "C:\Users\zamor\UltiBotInversiones\.venv\Lib\site-packages\httpx\_client.py", line 1585, in request
    return await self.send(request, auth=auth, follow_redirects=follow_redirects)
           ^^^^^^^^^^^^^^^^^^^^^^^^^^^^^^^^^^^^^^^^^^^^^^^^^^^^^^^^^^^^^^^^^^^^^^
  File "C:\Users\zamor\UltiBotInversiones\.venv\Lib\site-packages\httpx\_client.py", line 1674, in send
    response = await self._send_handling_auth(
               ^^^^^^^^^^^^^^^^^^^^^^^^^^^^^^^
  File "C:\Users\zamor\UltiBotInversiones\.venv\Lib\site-packages\httpx\_client.py", line 1702, in _send_handling_auth
    response = await self._send_handling_redirects(
               ^^^^^^^^^^^^^^^^^^^^^^^^^^^^^^^^^^^^
  File "C:\Users\zamor\UltiBotInversiones\.venv\Lib\site-packages\httpx\_client.py", line 1739, in _send_handling_redirects
    response = await self._send_single_request(request)
               ^^^^^^^^^^^^^^^^^^^^^^^^^^^^^^^^^^^^^^^^
  File "C:\Users\zamor\UltiBotInversiones\.venv\Lib\site-packages\httpx\_client.py", line 1776, in _send_single_request
    response = await transport.handle_async_request(request)
               ^^^^^^^^^^^^^^^^^^^^^^^^^^^^^^^^^^^^^^^^^^^^^
  File "C:\Users\zamor\UltiBotInversiones\.venv\Lib\site-packages\httpx\_transports\default.py", line 376, in handle_async_request
    with map_httpcore_exceptions():
  File "C:\Program Files\Python311\Lib\contextlib.py", line 158, in __exit__
    self.gen.throw(typ, value, traceback)
  File "C:\Users\zamor\UltiBotInversiones\.venv\Lib\site-packages\httpx\_transports\default.py", line 89, in map_httpcore_exceptions
    raise mapped_exc(message) from exc
httpx.ConnectError: All connection attempts failed

The above exception was the direct cause of the following exception:

Traceback (most recent call last):
  File "C:\Users\zamor\UltiBotInversiones\src\ultibot_ui\widgets\chart_widget.py", line 111, in _load_chart_data_async
    data = await self.api_client.get_ohlcv_data(
           ^^^^^^^^^^^^^^^^^^^^^^^^^^^^^^^^^^^^^
  File "C:\Users\zamor\UltiBotInversiones\src\ultibot_ui\services\api_client.py", line 151, in get_ohlcv_data
    return await self._make_request("GET", "/api/v1/market/ohlcv", params=params)
           ^^^^^^^^^^^^^^^^^^^^^^^^^^^^^^^^^^^^^^^^^^^^^^^^^^^^^^^^^^^^^^^^^^^^^^
  File "C:\Users\zamor\UltiBotInversiones\.venv\Lib\site-packages\tenacity\asyncio\__init__.py", line 189, in async_wrapped
    return await copy(fn, *args, **kwargs)
           ^^^^^^^^^^^^^^^^^^^^^^^^^^^^^^^
  File "C:\Users\zamor\UltiBotInversiones\.venv\Lib\site-packages\tenacity\asyncio\__init__.py", line 111, in __call__
    do = await self.iter(retry_state=retry_state)
         ^^^^^^^^^^^^^^^^^^^^^^^^^^^^^^^^^^^^^^^^
  File "C:\Users\zamor\UltiBotInversiones\.venv\Lib\site-packages\tenacity\asyncio\__init__.py", line 153, in iter
    result = await action(retry_state)
             ^^^^^^^^^^^^^^^^^^^^^^^^^
  File "C:\Users\zamor\UltiBotInversiones\.venv\Lib\site-packages\tenacity\_utils.py", line 99, in inner
    return call(*args, **kwargs)
           ^^^^^^^^^^^^^^^^^^^^^
  File "C:\Users\zamor\UltiBotInversiones\.venv\Lib\site-packages\tenacity\__init__.py", line 421, in exc_check
    raise retry_exc from fut.exception()
tenacity.RetryError: RetryError[<Future at 0x232ae69a3d0 state=finished raised ConnectError>]
2025-06-26 00:17:56,410 - ultibot_ui.widgets.chart_widget - ERROR - Error de API en ChartWidget: RetryError[<Future at 0x232ae69a3d0 state=finished raised ConnectError>]
2025-06-26 00:17:56,411 - httpcore.connection - DEBUG - connect_tcp.failed exception=ConnectError(OSError('All connection attempts failed'))
2025-06-26 00:17:56,411 - ultibot_ui.services.api_client - WARNING - Error de red para GET http://127.0.0.1:8000/api/v1/config/user: All connection attempts failed. Re-lanzando para posible reintento.
2025-06-26 00:17:56,411 - ultibot_ui.windows.main_window - CRITICAL - Error validating or fetching initial configuration: RetryError[<Future at 0x232ae69acd0 state=finished raised ConnectError>]
Traceback (most recent call last):
  File "C:\Users\zamor\UltiBotInversiones\.venv\Lib\site-packages\httpx\_transports\default.py", line 72, in map_httpcore_exceptions
    yield
  File "C:\Users\zamor\UltiBotInversiones\.venv\Lib\site-packages\httpx\_transports\default.py", line 377, in handle_async_request
    resp = await self._pool.handle_async_request(req)
           ^^^^^^^^^^^^^^^^^^^^^^^^^^^^^^^^^^^^^^^^^^
  File "C:\Users\zamor\UltiBotInversiones\.venv\Lib\site-packages\httpcore\_async\connection_pool.py", line 256, in handle_async_request
    raise exc from None
  File "C:\Users\zamor\UltiBotInversiones\.venv\Lib\site-packages\httpcore\_async\connection_pool.py", line 236, in handle_async_request
    response = await connection.handle_async_request(
               ^^^^^^^^^^^^^^^^^^^^^^^^^^^^^^^^^^^^^^
  File "C:\Users\zamor\UltiBotInversiones\.venv\Lib\site-packages\httpcore\_async\connection.py", line 101, in handle_async_request
    raise exc
  File "C:\Users\zamor\UltiBotInversiones\.venv\Lib\site-packages\httpcore\_async\connection.py", line 78, in handle_async_request
    stream = await self._connect(request)
             ^^^^^^^^^^^^^^^^^^^^^^^^^^^^
  File "C:\Users\zamor\UltiBotInversiones\.venv\Lib\site-packages\httpcore\_async\connection.py", line 124, in _connect
    stream = await self._network_backend.connect_tcp(**kwargs)
             ^^^^^^^^^^^^^^^^^^^^^^^^^^^^^^^^^^^^^^^^^^^^^^^^^
  File "C:\Users\zamor\UltiBotInversiones\.venv\Lib\site-packages\httpcore\_backends\auto.py", line 31, in connect_tcp
    return await self._backend.connect_tcp(
           ^^^^^^^^^^^^^^^^^^^^^^^^^^^^^^^^
  File "C:\Users\zamor\UltiBotInversiones\.venv\Lib\site-packages\httpcore\_backends\anyio.py", line 113, in connect_tcp
    with map_exceptions(exc_map):
  File "C:\Program Files\Python311\Lib\contextlib.py", line 158, in __exit__
    self.gen.throw(typ, value, traceback)
  File "C:\Users\zamor\UltiBotInversiones\.venv\Lib\site-packages\httpcore\_exceptions.py", line 14, in map_exceptions
    raise to_exc(exc) from exc
httpcore.ConnectError: All connection attempts failed

The above exception was the direct cause of the following exception:

Traceback (most recent call last):
  File "C:\Users\zamor\UltiBotInversiones\.venv\Lib\site-packages\tenacity\asyncio\__init__.py", line 114, in __call__
    result = await fn(*args, **kwargs)
             ^^^^^^^^^^^^^^^^^^^^^^^^^
  File "C:\Users\zamor\UltiBotInversiones\src\ultibot_ui\services\api_client.py", line 104, in _make_request
    response = await self._client.request(method, endpoint, **kwargs)
               ^^^^^^^^^^^^^^^^^^^^^^^^^^^^^^^^^^^^^^^^^^^^^^^^^^^^^^
  File "C:\Users\zamor\UltiBotInversiones\.venv\Lib\site-packages\httpx\_client.py", line 1585, in request
    return await self.send(request, auth=auth, follow_redirects=follow_redirects)
           ^^^^^^^^^^^^^^^^^^^^^^^^^^^^^^^^^^^^^^^^^^^^^^^^^^^^^^^^^^^^^^^^^^^^^^
  File "C:\Users\zamor\UltiBotInversiones\.venv\Lib\site-packages\httpx\_client.py", line 1674, in send
    response = await self._send_handling_auth(
               ^^^^^^^^^^^^^^^^^^^^^^^^^^^^^^^
  File "C:\Users\zamor\UltiBotInversiones\.venv\Lib\site-packages\httpx\_client.py", line 1702, in _send_handling_auth
    response = await self._send_handling_redirects(
               ^^^^^^^^^^^^^^^^^^^^^^^^^^^^^^^^^^^^
  File "C:\Users\zamor\UltiBotInversiones\.venv\Lib\site-packages\httpx\_client.py", line 1739, in _send_handling_redirects
    response = await self._send_single_request(request)
               ^^^^^^^^^^^^^^^^^^^^^^^^^^^^^^^^^^^^^^^^
  File "C:\Users\zamor\UltiBotInversiones\.venv\Lib\site-packages\httpx\_client.py", line 1776, in _send_single_request
    response = await transport.handle_async_request(request)
               ^^^^^^^^^^^^^^^^^^^^^^^^^^^^^^^^^^^^^^^^^^^^^
  File "C:\Users\zamor\UltiBotInversiones\.venv\Lib\site-packages\httpx\_transports\default.py", line 376, in handle_async_request
    with map_httpcore_exceptions():
  File "C:\Program Files\Python311\Lib\contextlib.py", line 158, in __exit__
    self.gen.throw(typ, value, traceback)
  File "C:\Users\zamor\UltiBotInversiones\.venv\Lib\site-packages\httpx\_transports\default.py", line 89, in map_httpcore_exceptions
    raise mapped_exc(message) from exc
httpx.ConnectError: All connection attempts failed

The above exception was the direct cause of the following exception:

Traceback (most recent call last):
  File "C:\Users\zamor\UltiBotInversiones\src\ultibot_ui\windows\main_window.py", line 296, in fetch_initial_user_configuration_async
    config_dict = await self.api_client.get_user_configuration()
                  ^^^^^^^^^^^^^^^^^^^^^^^^^^^^^^^^^^^^^^^^^^^^^^
  File "C:\Users\zamor\UltiBotInversiones\src\ultibot_ui\services\api_client.py", line 136, in get_user_configuration
    return await self._make_request("GET", "/api/v1/config/user")
           ^^^^^^^^^^^^^^^^^^^^^^^^^^^^^^^^^^^^^^^^^^^^^^^^^^^^^^
  File "C:\Users\zamor\UltiBotInversiones\.venv\Lib\site-packages\tenacity\asyncio\__init__.py", line 189, in async_wrapped
    return await copy(fn, *args, **kwargs)
           ^^^^^^^^^^^^^^^^^^^^^^^^^^^^^^^
  File "C:\Users\zamor\UltiBotInversiones\.venv\Lib\site-packages\tenacity\asyncio\__init__.py", line 111, in __call__
    do = await self.iter(retry_state=retry_state)
         ^^^^^^^^^^^^^^^^^^^^^^^^^^^^^^^^^^^^^^^^
  File "C:\Users\zamor\UltiBotInversiones\.venv\Lib\site-packages\tenacity\asyncio\__init__.py", line 153, in iter
    result = await action(retry_state)
             ^^^^^^^^^^^^^^^^^^^^^^^^^
  File "C:\Users\zamor\UltiBotInversiones\.venv\Lib\site-packages\tenacity\_utils.py", line 99, in inner
    return call(*args, **kwargs)
           ^^^^^^^^^^^^^^^^^^^^^
  File "C:\Users\zamor\UltiBotInversiones\.venv\Lib\site-packages\tenacity\__init__.py", line 421, in exc_check
    raise retry_exc from fut.exception()
tenacity.RetryError: RetryError[<Future at 0x232ae69acd0 state=finished raised ConnectError>]
2025-06-26 00:17:56,523 - ultibot_ui.widgets.portfolio_widget - WARNING - PortfolioWidget: user_id no está disponible. No se puede actualizar el portafolio.
2025-06-26 00:18:00,995 - ultibot_ui.widgets.portfolio_widget - WARNING - PortfolioWidget: user_id no está disponible. No se puede actualizar el portafolio.
2025-06-26 00:18:01,042 - ultibot_ui.views.opportunities_view - INFO - Fetching Gemini IA opportunities.
2025-06-26 00:18:01,773 - __main__ - INFO - Initial user configuration fetched and applied successfully.
2025-06-26 00:18:01,774 - __main__ - INFO - Initialization complete. Showing MainWindow.
2025-06-26 00:18:01,801 - ultibot_ui.windows.main_window - INFO - MainWindow: Post-show initialization started.
2025-06-26 00:18:01,801 - ultibot_ui.windows.main_window - WARNING - Post-show initialization called without a user_id. Some views may not initialize correctly.
2025-06-26 00:18:01,802 - ultibot_ui.views.strategies_view - INFO - StrategiesView: Initializing view data (loading strategies)...
2025-06-26 00:18:01,802 - ultibot_ui.views.trading_terminal_view - INFO - TradingTerminalView: Initializing view data (starting price feed)...
2025-06-26 00:18:01,802 - ultibot_ui.views.trading_terminal_view - INFO - Price feed task created for BTC/USDT.
2025-06-26 00:18:01,803 - ultibot_ui.windows.dashboard_view - INFO - DashboardView: initialize_async_components INVOCADO
2025-06-26 00:18:01,803 - ultibot_ui.windows.main_window - INFO - MainWindow: Post-show initialization finished.
2025-06-26 00:18:01,803 - httpcore.connection - DEBUG - connect_tcp.failed exception=ConnectError(OSError('All connection attempts failed'))
2025-06-26 00:18:01,805 - ultibot_ui.services.api_client - WARNING - Error de red para GET http://127.0.0.1:8000/api/v1/config/user: All connection attempts failed. Re-lanzando para posible reintento.
2025-06-26 00:18:01,806 - ultibot_ui.widgets.market_data_widget - ERROR - MarketDataWidget: Error de API: RetryError[<Future at 0x2328f168290 state=finished raised ConnectError>]
2025-06-26 00:18:04,652 - ultibot_ui.services.api_client - DEBUG - APIClient httpx client ya está inicializado.
2025-06-26 00:18:04,652 - ultibot_ui.services.api_client - DEBUG - APIClient: _make_request invocado para GET /api/v1/opportunities/real-trading-candidates
2025-06-26 00:18:04,652 - ultibot_ui.services.api_client - INFO - Obteniendo estrategias de trading.
2025-06-26 00:18:04,653 - ultibot_ui.services.api_client - DEBUG - APIClient httpx client ya está inicializado.
2025-06-26 00:18:04,654 - ultibot_ui.services.api_client - DEBUG - APIClient: _make_request invocado para GET /api/v1/strategies
2025-06-26 00:18:04,655 - ultibot_ui.workers - INFO - Starting real-time price feed for BTC/USDT...
2025-06-26 00:18:04,655 - ultibot_ui.services.api_client - INFO - Obteniendo datos de mercado para símbolos: ['BTC/USDT']
2025-06-26 00:18:04,655 - ultibot_ui.services.api_client - DEBUG - APIClient httpx client ya está inicializado.
2025-06-26 00:18:04,655 - ultibot_ui.services.api_client - DEBUG - APIClient: _make_request invocado para GET /api/v1/market/data
2025-06-26 00:18:04,656 - ultibot_ui.services.api_client - INFO - Obteniendo trades, modo: both, filtros: {'trading_mode': 'both', 'limit': 100, 'offset': 0, 'status': 'open'}
2025-06-26 00:18:04,657 - ultibot_ui.services.api_client - DEBUG - APIClient httpx client ya está inicializado.
2025-06-26 00:18:04,657 - ultibot_ui.services.api_client - DEBUG - APIClient: _make_request invocado para GET /api/v1/trades
2025-06-26 00:18:04,658 - ultibot_ui.workers - INFO - Price feed for BTC/USDT was cancelled.
2025-06-26 00:18:04,659 - __main__ - INFO - Starting application event loop.
2025-06-26 00:18:09,859 - ultibot_ui.windows.main_window - INFO - Cambiando a la vista: dashboard
2025-06-26 00:18:10,501 - ultibot_ui.windows.main_window - INFO - Cambiando a la vista: terminal
2025-06-26 00:18:11,171 - ultibot_ui.windows.main_window - INFO - Cambiando a la vista: opportunities
2025-06-26 00:18:11,838 - ultibot_ui.windows.main_window - INFO - Cambiando a la vista: portfolio
2025-06-26 00:18:12,312 - ultibot_ui.windows.main_window - INFO - Cambiando a la vista: strategies
2025-06-26 00:18:12,716 - ultibot_ui.windows.main_window - INFO - Cambiando a la vista: history
2025-06-26 00:18:13,279 - ultibot_ui.windows.main_window - INFO - Cambiando a la vista: settings
2025-06-26 00:18:14,455 - ultibot_ui.windows.main_window - INFO - Cambiando a la vista: dashboard
2025-06-26 00:18:15,996 - ultibot_ui.widgets.portfolio_widget - WARNING - PortfolioWidget: user_id no está disponible. No se puede actualizar el portafolio.
2025-06-26 00:18:30,733 - ultibot_ui.windows.main_window - INFO - Cambiando a la vista: terminal
2025-06-26 00:18:31,006 - ultibot_ui.widgets.portfolio_widget - WARNING - PortfolioWidget: user_id no está disponible. No se puede actualizar el portafolio.
2025-06-26 00:18:31,052 - ultibot_ui.views.opportunities_view - INFO - Fetching Gemini IA opportunities.
2025-06-26 00:18:33,524 - ultibot_ui.windows.main_window - INFO - Cleaning up MainWindow resources. Stopping 0 active threads...
2025-06-26 00:18:33,524 - ultibot_ui.windows.dashboard_view - INFO - DashboardView: Iniciando limpieza de tareas.
2025-06-26 00:18:33,524 - ultibot_ui.widgets.portfolio_widget - INFO - PortfolioWidget: Iniciando limpieza.
2025-06-26 00:18:33,525 - ultibot_ui.widgets.portfolio_widget - INFO - PortfolioWidget: Limpieza completada.
2025-06-26 00:18:33,525 - ultibot_ui.widgets.chart_widget - INFO - ChartWidget: Limpieza completada.
2025-06-26 00:18:33,526 - ultibot_ui.windows.dashboard_view - INFO - DashboardView: Limpieza completada.
2025-06-26 00:18:33,526 - ultibot_ui.views.opportunities_view - INFO - Cleaning up OpportunitiesView...
2025-06-26 00:18:33,526 - ultibot_ui.views.opportunities_view - INFO - OpportunitiesView cleanup finished.
2025-06-26 00:18:33,527 - ultibot_ui.views.portfolio_view - INFO - PortfolioView: Cleaning up...
2025-06-26 00:18:33,527 - ultibot_ui.views.portfolio_view - INFO - PortfolioView: Cleanup finished.
2025-06-26 00:18:33,527 - ultibot_ui.widgets.paper_trading_report_widget - INFO - PaperTradingReportWidget cleanup: No hay acciones que tomar.
2025-06-26 00:18:33,527 - ultibot_ui.windows.history_view - INFO - HistoryView cleanup completado
2025-06-26 00:18:33,529 - ultibot_ui.windows.settings_view - INFO - SettingsView: Cleanup called.
2025-06-26 00:18:33,529 - ultibot_ui.views.trading_terminal_view - INFO - TradingTerminalView: Cleanup initiated.
2025-06-26 00:18:33,529 - ultibot_ui.views.trading_terminal_view - INFO - TradingTerminalView: Cleanup finished.
2025-06-26 00:18:33,530 - ultibot_ui.windows.main_window - INFO - MainWindow cleanup finished.
2025-06-26 00:18:33,545 - __main__ - INFO - Cleanup process started...
2025-06-26 00:18:33,545 - ultibot_ui.windows.main_window - INFO - Cleaning up MainWindow resources. Stopping 0 active threads...
2025-06-26 00:18:33,546 - ultibot_ui.windows.dashboard_view - INFO - DashboardView: Iniciando limpieza de tareas.
2025-06-26 00:18:33,546 - ultibot_ui.widgets.portfolio_widget - INFO - PortfolioWidget: Iniciando limpieza.
2025-06-26 00:18:33,546 - ultibot_ui.widgets.portfolio_widget - INFO - PortfolioWidget: Limpieza completada.
2025-06-26 00:18:33,547 - ultibot_ui.widgets.chart_widget - INFO - ChartWidget: Limpieza completada.
2025-06-26 00:18:33,547 - ultibot_ui.windows.dashboard_view - INFO - DashboardView: Limpieza completada.
2025-06-26 00:18:33,548 - ultibot_ui.views.opportunities_view - INFO - Cleaning up OpportunitiesView...
2025-06-26 00:18:33,548 - ultibot_ui.views.opportunities_view - INFO - OpportunitiesView cleanup finished.
2025-06-26 00:18:33,548 - ultibot_ui.views.portfolio_view - INFO - PortfolioView: Cleaning up...
2025-06-26 00:18:33,549 - ultibot_ui.views.portfolio_view - INFO - PortfolioView: Cleanup finished.
2025-06-26 00:18:33,549 - ultibot_ui.widgets.paper_trading_report_widget - INFO - PaperTradingReportWidget cleanup: No hay acciones que tomar.
2025-06-26 00:18:33,550 - ultibot_ui.windows.history_view - INFO - HistoryView cleanup completado
2025-06-26 00:18:33,550 - ultibot_ui.windows.settings_view - INFO - SettingsView: Cleanup called.
2025-06-26 00:18:33,550 - ultibot_ui.views.trading_terminal_view - INFO - TradingTerminalView: Cleanup initiated.
2025-06-26 00:18:33,550 - ultibot_ui.views.trading_terminal_view - INFO - TradingTerminalView: Cleanup finished.
2025-06-26 00:18:33,552 - ultibot_ui.windows.main_window - INFO - MainWindow cleanup finished.
2025-06-26 00:18:33,552 - __main__ - INFO - Scheduling API client cleanup task.
2025-06-26 00:18:38,563 - __main__ - ERROR - Error during API client cleanup: 
2025-06-26 00:18:38,563 - __main__ - INFO - Application cleanup finished.
2025-06-26 00:18:38,563 - __main__ - INFO - Application event loop has stopped.
2025-06-26 00:18:38,675 - qasync._windows._IocpProactor - DEBUG - Closing
2025-06-26 00:18:38,677 - qasync._windows._IocpProactor - DEBUG - Closing
